# JRE version: OpenJDK Runtime Environment (8.0_242-b01) (build 1.8.0_242-release-1644-b01)
# Java VM: OpenJDK 64-Bit Server VM (25.242-b01 mixed mode windows-amd64 compressed oops)
Heap:
 PSYoungGen      total 342528K, used 87310K [0x00000000d5580000, 0x00000000ef400000, 0x0000000100000000)
  eden space 296448K, 24% used [0x00000000d5580000,0x00000000d9bedaa0,0x00000000e7700000)
  from space 46080K, 32% used [0x00000000e7700000,0x00000000e85d6110,0x00000000ea400000)
  to   space 44544K, 0% used [0x00000000ec880000,0x00000000ec880000,0x00000000ef400000)
 ParOldGen       total 191488K, used 89175K [0x0000000080000000, 0x000000008bb00000, 0x00000000d5580000)
  object space 191488K, 46% used [0x0000000080000000,0x0000000085715f28,0x000000008bb00000)
 Metaspace       used 136213K, capacity 142502K, committed 143896K, reserved 1173504K
  class space    used 17536K, capacity 18767K, committed 18984K, reserved 1048576K
GC Heap History (10 events):
Event: 4151.426 GC heap before
{Heap before GC invocations=40 (full 4):
 PSYoungGen      total 266752K, used 201713K [0x00000000d5580000, 0x00000000eb200000, 0x0000000100000000)
  eden space 222208K, 74% used [0x00000000d5580000,0x00000000df79c300,0x00000000e2e80000)
  from space 44544K, 80% used [0x00000000e2e80000,0x00000000e5160418,0x00000000e5a00000)
  to   space 48128K, 0% used [0x00000000e8300000,0x00000000e8300000,0x00000000eb200000)
 ParOldGen       total 191488K, used 80834K [0x0000000080000000, 0x000000008bb00000, 0x00000000d5580000)
  object space 191488K, 42% used [0x0000000080000000,0x0000000084ef08b8,0x000000008bb00000)
 Metaspace       used 123800K, capacity 130980K, committed 131224K, reserved 1163264K
  class space    used 15954K, capacity 17285K, committed 17320K, reserved 1048576K
Event: 4151.518 GC heap after
Heap after GC invocations=40 (full 4):
 PSYoungGen      total 308224K, used 29893K [0x00000000d5580000, 0x00000000eb300000, 0x0000000100000000)
  eden space 260096K, 0% used [0x00000000d5580000,0x00000000d5580000,0x00000000e5380000)
  from space 48128K, 62% used [0x00000000e8300000,0x00000000ea0315f0,0x00000000eb200000)
  to   space 48640K, 0% used [0x00000000e5380000,0x00000000e5380000,0x00000000e8300000)
 ParOldGen       total 191488K, used 94937K [0x0000000080000000, 0x000000008bb00000, 0x00000000d5580000)
  object space 191488K, 49% used [0x0000000080000000,0x0000000085cb64c0,0x000000008bb00000)
 Metaspace       used 123800K, capacity 130980K, committed 131224K, reserved 1163264K
  class space    used 15954K, capacity 17285K, committed 17320K, reserved 1048576K
}
Event: 4151.518 GC heap before
{Heap before GC invocations=41 (full 5):
 PSYoungGen      total 308224K, used 29893K [0x00000000d5580000, 0x00000000eb300000, 0x0000000100000000)
  eden space 260096K, 0% used [0x00000000d5580000,0x00000000d5580000,0x00000000e5380000)
  from space 48128K, 62% used [0x00000000e8300000,0x00000000ea0315f0,0x00000000eb200000)
  to   space 48640K, 0% used [0x00000000e5380000,0x00000000e5380000,0x00000000e8300000)
 ParOldGen       total 191488K, used 94937K [0x0000000080000000, 0x000000008bb00000, 0x00000000d5580000)
  object space 191488K, 49% used [0x0000000080000000,0x0000000085cb64c0,0x000000008bb00000)
 Metaspace       used 123800K, capacity 130980K, committed 131224K, reserved 1163264K
  class space    used 15954K, capacity 17285K, committed 17320K, reserved 1048576K
Event: 4152.365 GC heap after
Heap after GC invocations=41 (full 5):
 PSYoungGen      total 308224K, used 0K [0x00000000d5580000, 0x00000000eb300000, 0x0000000100000000)
  eden space 260096K, 0% used [0x00000000d5580000,0x00000000d5580000,0x00000000e5380000)
  from space 48128K, 0% used [0x00000000e8300000,0x00000000e8300000,0x00000000eb200000)
  to   space 48640K, 0% used [0x00000000e5380000,0x00000000e5380000,0x00000000e8300000)
 ParOldGen       total 191488K, used 78305K [0x0000000080000000, 0x000000008bb00000, 0x00000000d5580000)
  object space 191488K, 40% used [0x0000000080000000,0x0000000084c787e8,0x000000008bb00000)
 Metaspace       used 121758K, capacity 127148K, committed 131224K, reserved 1163264K
  class space    used 15551K, capacity 16574K, committed 17320K, reserved 1048576K
}
Event: 4372.562 GC heap before
{Heap before GC invocations=42 (full 5):
 PSYoungGen      total 308224K, used 260096K [0x00000000d5580000, 0x00000000eb300000, 0x0000000100000000)
  eden space 260096K, 100% used [0x00000000d5580000,0x00000000e5380000,0x00000000e5380000)
  from space 48128K, 0% used [0x00000000e8300000,0x00000000e8300000,0x00000000eb200000)
  to   space 48640K, 0% used [0x00000000e5380000,0x00000000e5380000,0x00000000e8300000)
 ParOldGen       total 191488K, used 78305K [0x0000000080000000, 0x000000008bb00000, 0x00000000d5580000)
  object space 191488K, 40% used [0x0000000080000000,0x0000000084c787e8,0x000000008bb00000)
 Metaspace       used 124826K, capacity 130464K, committed 133144K, reserved 1165312K
  class space    used 15911K, capacity 16962K, committed 17448K, reserved 1048576K
Event: 4372.588 GC heap after
Heap after GC invocations=42 (full 5):
 PSYoungGen      total 308736K, used 13885K [0x00000000d5580000, 0x00000000ed700000, 0x0000000100000000)
  eden space 260096K, 0% used [0x00000000d5580000,0x00000000d5580000,0x00000000e5380000)
  from space 48640K, 28% used [0x00000000e5380000,0x00000000e610f498,0x00000000e8300000)
  to   space 47104K, 0% used [0x00000000ea900000,0x00000000ea900000,0x00000000ed700000)
 ParOldGen       total 191488K, used 78305K [0x0000000080000000, 0x000000008bb00000, 0x00000000d5580000)
  object space 191488K, 40% used [0x0000000080000000,0x0000000084c787e8,0x000000008bb00000)
 Metaspace       used 124826K, capacity 130464K, committed 133144K, reserved 1165312K
  class space    used 15911K, capacity 16962K, committed 17448K, reserved 1048576K
}
Event: 4385.149 GC heap before
{Heap before GC invocations=43 (full 5):
 PSYoungGen      total 308736K, used 273981K [0x00000000d5580000, 0x00000000ed700000, 0x0000000100000000)
  eden space 260096K, 100% used [0x00000000d5580000,0x00000000e5380000,0x00000000e5380000)
  from space 48640K, 28% used [0x00000000e5380000,0x00000000e610f498,0x00000000e8300000)
  to   space 47104K, 0% used [0x00000000ea900000,0x00000000ea900000,0x00000000ed700000)
 ParOldGen       total 191488K, used 78305K [0x0000000080000000, 0x000000008bb00000, 0x00000000d5580000)
  object space 191488K, 40% used [0x0000000080000000,0x0000000084c787e8,0x000000008bb00000)
 Metaspace       used 126001K, capacity 131682K, committed 134168K, reserved 1165312K
  class space    used 16089K, capacity 17187K, committed 17704K, reserved 1048576K
Event: 4385.177 GC heap after
Heap after GC invocations=43 (full 5):
 PSYoungGen      total 337408K, used 12894K [0x00000000d5580000, 0x00000000ed100000, 0x0000000100000000)
  eden space 296448K, 0% used [0x00000000d5580000,0x00000000d5580000,0x00000000e7700000)
  from space 40960K, 31% used [0x00000000ea900000,0x00000000eb597878,0x00000000ed100000)
  to   space 46080K, 0% used [0x00000000e7700000,0x00000000e7700000,0x00000000ea400000)
 ParOldGen       total 191488K, used 78313K [0x0000000080000000, 0x000000008bb00000, 0x00000000d5580000)
  object space 191488K, 40% used [0x0000000080000000,0x0000000084c7a7e8,0x000000008bb00000)
 Metaspace       used 126001K, capacity 131682K, committed 134168K, reserved 1165312K
  class space    used 16089K, capacity 17187K, committed 17704K, reserved 1048576K
}
Event: 4388.973 GC heap before
{Heap before GC invocations=44 (full 5):
 PSYoungGen      total 337408K, used 309342K [0x00000000d5580000, 0x00000000ed100000, 0x0000000100000000)
  eden space 296448K, 100% used [0x00000000d5580000,0x00000000e7700000,0x00000000e7700000)
  from space 40960K, 31% used [0x00000000ea900000,0x00000000eb597878,0x00000000ed100000)
  to   space 46080K, 0% used [0x00000000e7700000,0x00000000e7700000,0x00000000ea400000)
 ParOldGen       total 191488K, used 78313K [0x0000000080000000, 0x000000008bb00000, 0x00000000d5580000)
  object space 191488K, 40% used [0x0000000080000000,0x0000000084c7a7e8,0x000000008bb00000)
 Metaspace       used 132295K, capacity 138268K, committed 140312K, reserved 1171456K
  class space    used 16935K, capacity 18084K, committed 18472K, reserved 1048576K
Event: 4389.001 GC heap after
Heap after GC invocations=44 (full 5):
 PSYoungGen      total 342528K, used 15192K [0x00000000d5580000, 0x00000000ef400000, 0x0000000100000000)
  eden space 296448K, 0% used [0x00000000d5580000,0x00000000d5580000,0x00000000e7700000)
  from space 46080K, 32% used [0x00000000e7700000,0x00000000e85d6110,0x00000000ea400000)
  to   space 44544K, 0% used [0x00000000ec880000,0x00000000ec880000,0x00000000ef400000)
 ParOldGen       total 191488K, used 89175K [0x0000000080000000, 0x000000008bb00000, 0x00000000d5580000)
  object space 191488K, 46% used [0x0000000080000000,0x0000000085715f28,0x000000008bb00000)
 Metaspace       used 132295K, capacity 138268K, committed 140312K, reserved 1171456K
  class space    used 16935K, capacity 18084K, committed 18472K, reserved 1048576K
}

